<?xml version="1.0" encoding="UTF-8"?>
<coverage generated="1678588009273" clover="3.2.0">
  <project timestamp="1678588009273" name="All files">
    <metrics statements="4" coveredstatements="4" conditionals="4" coveredconditionals="4" methods="2" coveredmethods="2" elements="10" coveredelements="10" complexity="0" loc="4" ncloc="4" packages="1" files="2" classes="2"/>
    <file name="reverse.js" path="C:\Users\gh.reza\Desktop\mv\Testing-practice\reverse.js">
      <metrics statements="1" coveredstatements="1" conditionals="0" coveredconditionals="0" methods="1" coveredmethods="1"/>
      <line num="2" count="1" type="stmt"/>
    </file>
    <file name="stringLength.js" path="C:\Users\gh.reza\Desktop\mv\Testing-practice\stringLength.js">
      <metrics statements="3" coveredstatements="3" conditionals="4" coveredconditionals="4" methods="1" coveredmethods="1"/>
      <line num="2" count="2" type="cond" truecount="4" falsecount="0"/>
      <line num="3" count="1" type="stmt"/>
      <line num="5" count="1" type="stmt"/>
    </file>
  </project>
</coverage>
