{"C:\\Users\\gh.reza\\Desktop\\mv\\Testing-practice\\reverse.js": {"path":"C:\\Users\\gh.reza\\Desktop\\mv\\Testing-practice\\reverse.js","statementMap":{"0":{"start":{"line":2,"column":4},"end":{"line":2,"column":47}}},"fnMap":{"0":{"name":"reverse","decl":{"start":{"line":1,"column":9},"end":{"line":1,"column":16}},"loc":{"start":{"line":1,"column":25},"end":{"line":4,"column":1}},"line":1}},"branchMap":{},"s":{"0":1},"f":{"0":1},"b":{},"_coverageSchema":"1a1c01bbd47fc00a2c39e90264f33305004495a9","hash":"fb820fde1514e2c90c6a81d821898e9dcf58216c"}
,"C:\\Users\\gh.reza\\Desktop\\mv\\Testing-practice\\stringLength.js": {"path":"C:\\Users\\gh.reza\\Desktop\\mv\\Testing-practice\\stringLength.js","statementMap":{"0":{"start":{"line":2,"column":4},"end":{"line":6,"column":5}},"1":{"start":{"line":3,"column":8},"end":{"line":3,"column":29}},"2":{"start":{"line":5,"column":8},"end":{"line":5,"column":25}}},"fnMap":{"0":{"name":"stringLength","decl":{"start":{"line":1,"column":9},"end":{"line":1,"column":21}},"loc":{"start":{"line":1,"column":30},"end":{"line":8,"column":1}},"line":1}},"branchMap":{"0":{"loc":{"start":{"line":2,"column":4},"end":{"line":6,"column":5}},"type":"if","locations":[{"start":{"line":2,"column":4},"end":{"line":6,"column":5}},{"start":{"line":4,"column":11},"end":{"line":6,"column":5}}],"line":2},"1":{"loc":{"start":{"line":2,"column":8},"end":{"line":2,"column":49}},"type":"binary-expr","locations":[{"start":{"line":2,"column":8},"end":{"line":2,"column":26}},{"start":{"line":2,"column":30},"end":{"line":2,"column":49}}],"line":2}},"s":{"0":2,"1":1,"2":1},"f":{"0":2},"b":{"0":[1,1],"1":[2,2]},"_coverageSchema":"1a1c01bbd47fc00a2c39e90264f33305004495a9","hash":"c7254f149aca5e81fdf351c14d21c552dc6c7140"}
}
